<?xml version="1.0" encoding="UTF-8"?>
<coverage generated="1780760986791" clover="3.2.0">
  <project timestamp="1780760986791" name="All files">
    <metrics statements="28" coveredstatements="24" conditionals="20" coveredconditionals="15" methods="5" coveredmethods="5" elements="53" coveredelements="44" complexity="0" loc="28" ncloc="28" packages="1" files="1" classes="1"/>
    <file name="helpers.ts" path="C:\Users\sanya\OneDrive\Documents\Project\PROM\media-library\src\utils\helpers.ts">
      <metrics statements="28" coveredstatements="24" conditionals="20" coveredconditionals="15" methods="5" coveredmethods="5"/>
      <line num="3" count="1" type="stmt"/>
      <line num="4" count="6" type="stmt"/>
      <line num="5" count="6" type="stmt"/>
      <line num="8" count="1" type="stmt"/>
      <line num="9" count="3" type="stmt"/>
      <line num="10" count="3" type="stmt"/>
      <line num="11" count="3" type="cond" truecount="2" falsecount="0"/>
      <line num="12" count="2" type="stmt"/>
      <line num="15" count="1" type="stmt"/>
      <line num="23" count="0" type="stmt"/>
      <line num="28" count="1" type="stmt"/>
      <line num="29" count="1" type="cond" truecount="3" falsecount="1"/>
      <line num="31" count="1" type="stmt"/>
      <line num="37" count="1" type="stmt"/>
      <line num="41" count="1" type="stmt"/>
      <line num="42" count="3" type="cond" truecount="3" falsecount="1"/>
      <line num="44" count="3" type="stmt"/>
      <line num="46" count="3" type="stmt"/>
      <line num="47" count="10" type="cond" truecount="4" falsecount="0"/>
      <line num="48" count="7" type="stmt"/>
      <line num="49" count="7" type="stmt"/>
      <line num="50" count="7" type="cond" truecount="2" falsecount="0"/>
      <line num="53" count="3" type="cond" truecount="1" falsecount="1"/>
      <line num="54" count="3" type="stmt"/>
      <line num="57" count="0" type="cond" truecount="0" falsecount="2"/>
      <line num="58" count="0" type="stmt"/>
      <line num="61" count="0" type="stmt"/>
      <line num="64" count="3" type="stmt"/>
    </file>
  </project>
</coverage>
