{"C:\\Users\\sanya\\OneDrive\\Documents\\Project\\PROM\\media-library\\src\\utils\\helpers.ts": {"path":"C:\\Users\\sanya\\OneDrive\\Documents\\Project\\PROM\\media-library\\src\\utils\\helpers.ts","statementMap":{"0":{"start":{"line":3,"column":29},"end":{"line":6,"column":1}},"1":{"start":{"line":4,"column":13},"end":{"line":4,"column":41}},"2":{"start":{"line":5,"column":2},"end":{"line":5,"column":24}},"3":{"start":{"line":3,"column":13},"end":{"line":3,"column":29}},"4":{"start":{"line":8,"column":26},"end":{"line":25,"column":1}},"5":{"start":{"line":9,"column":2},"end":{"line":24,"column":3}},"6":{"start":{"line":10,"column":17},"end":{"line":10,"column":37}},"7":{"start":{"line":11,"column":4},"end":{"line":13,"column":5}},"8":{"start":{"line":12,"column":6},"end":{"line":12,"column":16}},"9":{"start":{"line":15,"column":4},"end":{"line":21,"column":20}},"10":{"start":{"line":23,"column":4},"end":{"line":23,"column":14}},"11":{"start":{"line":8,"column":13},"end":{"line":8,"column":26}},"12":{"start":{"line":28,"column":27},"end":{"line":38,"column":1}},"13":{"start":{"line":29,"column":2},"end":{"line":29,"column":52}},"14":{"start":{"line":29,"column":42},"end":{"line":29,"column":52}},"15":{"start":{"line":31,"column":17},"end":{"line":31,"column":25}},"16":{"start":{"line":37,"column":2},"end":{"line":37,"column":16}},"17":{"start":{"line":28,"column":13},"end":{"line":28,"column":27}},"18":{"start":{"line":41,"column":25},"end":{"line":65,"column":1}},"19":{"start":{"line":42,"column":2},"end":{"line":42,"column":52}},"20":{"start":{"line":42,"column":42},"end":{"line":42,"column":52}},"21":{"start":{"line":44,"column":17},"end":{"line":44,"column":30}},"22":{"start":{"line":46,"column":2},"end":{"line":62,"column":5}},"23":{"start":{"line":47,"column":4},"end":{"line":51,"column":5}},"24":{"start":{"line":48,"column":20},"end":{"line":48,"column":53}},"25":{"start":{"line":49,"column":20},"end":{"line":49,"column":53}},"26":{"start":{"line":50,"column":6},"end":{"line":50,"column":68}},"27":{"start":{"line":53,"column":4},"end":{"line":55,"column":5}},"28":{"start":{"line":54,"column":6},"end":{"line":54,"column":44}},"29":{"start":{"line":57,"column":4},"end":{"line":59,"column":5}},"30":{"start":{"line":58,"column":6},"end":{"line":58,"column":44}},"31":{"start":{"line":61,"column":4},"end":{"line":61,"column":13}},"32":{"start":{"line":64,"column":2},"end":{"line":64,"column":16}},"33":{"start":{"line":41,"column":13},"end":{"line":41,"column":25}}},"fnMap":{"0":{"name":"(anonymous_0)","decl":{"start":{"line":3,"column":29},"end":{"line":3,"column":30}},"loc":{"start":{"line":3,"column":56},"end":{"line":6,"column":1}}},"1":{"name":"(anonymous_1)","decl":{"start":{"line":8,"column":26},"end":{"line":8,"column":27}},"loc":{"start":{"line":8,"column":57},"end":{"line":25,"column":1}}},"2":{"name":"(anonymous_2)","decl":{"start":{"line":28,"column":27},"end":{"line":28,"column":28}},"loc":{"start":{"line":28,"column":84},"end":{"line":38,"column":1}}},"3":{"name":"(anonymous_3)","decl":{"start":{"line":41,"column":25},"end":{"line":41,"column":26}},"loc":{"start":{"line":41,"column":76},"end":{"line":65,"column":1}}},"4":{"name":"(anonymous_4)","decl":{"start":{"line":46,"column":14},"end":{"line":46,"column":15}},"loc":{"start":{"line":46,"column":23},"end":{"line":62,"column":3}}}},"branchMap":{"0":{"loc":{"start":{"line":11,"column":4},"end":{"line":13,"column":5}},"type":"if","locations":[{"start":{"line":11,"column":4},"end":{"line":13,"column":5}},{"start":{},"end":{}}]},"1":{"loc":{"start":{"line":29,"column":2},"end":{"line":29,"column":52}},"type":"if","locations":[{"start":{"line":29,"column":2},"end":{"line":29,"column":52}},{"start":{},"end":{}}]},"2":{"loc":{"start":{"line":29,"column":6},"end":{"line":29,"column":40}},"type":"binary-expr","locations":[{"start":{"line":29,"column":6},"end":{"line":29,"column":15}},{"start":{"line":29,"column":19},"end":{"line":29,"column":40}}]},"3":{"loc":{"start":{"line":42,"column":2},"end":{"line":42,"column":52}},"type":"if","locations":[{"start":{"line":42,"column":2},"end":{"line":42,"column":52}},{"start":{},"end":{}}]},"4":{"loc":{"start":{"line":42,"column":6},"end":{"line":42,"column":40}},"type":"binary-expr","locations":[{"start":{"line":42,"column":6},"end":{"line":42,"column":15}},{"start":{"line":42,"column":19},"end":{"line":42,"column":40}}]},"5":{"loc":{"start":{"line":47,"column":4},"end":{"line":51,"column":5}},"type":"if","locations":[{"start":{"line":47,"column":4},"end":{"line":51,"column":5}},{"start":{},"end":{}}]},"6":{"loc":{"start":{"line":47,"column":8},"end":{"line":47,"column":55}},"type":"binary-expr","locations":[{"start":{"line":47,"column":8},"end":{"line":47,"column":30}},{"start":{"line":47,"column":34},"end":{"line":47,"column":55}}]},"7":{"loc":{"start":{"line":50,"column":13},"end":{"line":50,"column":67}},"type":"cond-expr","locations":[{"start":{"line":50,"column":38},"end":{"line":50,"column":51}},{"start":{"line":50,"column":54},"end":{"line":50,"column":67}}]},"8":{"loc":{"start":{"line":53,"column":4},"end":{"line":55,"column":5}},"type":"if","locations":[{"start":{"line":53,"column":4},"end":{"line":55,"column":5}},{"start":{},"end":{}}]},"9":{"loc":{"start":{"line":57,"column":4},"end":{"line":59,"column":5}},"type":"if","locations":[{"start":{"line":57,"column":4},"end":{"line":59,"column":5}},{"start":{},"end":{}}]}},"s":{"0":1,"1":6,"2":6,"3":1,"4":1,"5":3,"6":3,"7":3,"8":2,"9":1,"10":0,"11":1,"12":1,"13":1,"14":0,"15":1,"16":1,"17":1,"18":1,"19":3,"20":0,"21":3,"22":3,"23":10,"24":7,"25":7,"26":7,"27":3,"28":3,"29":0,"30":0,"31":0,"32":3,"33":1},"f":{"0":6,"1":3,"2":1,"3":3,"4":10},"b":{"0":[2,1],"1":[0,1],"2":[1,1],"3":[0,3],"4":[3,3],"5":[7,3],"6":[10,7],"7":[3,4],"8":[3,0],"9":[0,0]}}
}
