TN:
SF:src\utils\helpers.ts
FN:3,(anonymous_0)
FN:8,(anonymous_1)
FN:28,(anonymous_2)
FN:41,(anonymous_3)
FN:46,(anonymous_4)
FNF:5
FNH:5
FNDA:6,(anonymous_0)
FNDA:3,(anonymous_1)
FNDA:1,(anonymous_2)
FNDA:3,(anonymous_3)
FNDA:10,(anonymous_4)
DA:3,1
DA:4,6
DA:5,6
DA:8,1
DA:9,3
DA:10,3
DA:11,3
DA:12,2
DA:15,1
DA:23,0
DA:28,1
DA:29,1
DA:31,1
DA:37,1
DA:41,1
DA:42,3
DA:44,3
DA:46,3
DA:47,10
DA:48,7
DA:49,7
DA:50,7
DA:53,3
DA:54,3
DA:57,0
DA:58,0
DA:61,0
DA:64,3
LF:28
LH:24
BRDA:11,0,0,2
BRDA:11,0,1,1
BRDA:29,1,0,0
BRDA:29,1,1,1
BRDA:29,2,0,1
BRDA:29,2,1,1
BRDA:42,3,0,0
BRDA:42,3,1,3
BRDA:42,4,0,3
BRDA:42,4,1,3
BRDA:47,5,0,7
BRDA:47,5,1,3
BRDA:47,6,0,10
BRDA:47,6,1,7
BRDA:50,7,0,3
BRDA:50,7,1,4
BRDA:53,8,0,3
BRDA:53,8,1,0
BRDA:57,9,0,0
BRDA:57,9,1,0
BRF:20
BRH:15
end_of_record
